<?xml version="1.0"?>
<!DOCTYPE coverage SYSTEM "http://cobertura.sourceforge.net/xml/coverage-04.dtd">
<coverage 
line-rate="1.00" lines-valid="47" lines-covered="47" branches-valid="0" branches-covered="0" branch-rate="1.00" complexity="0" version="1.0" timestamp="1486317129194">
    <sources>
        <source>--source</source>
        <source>C:/Users/ANMOL/IdeaProjects/Twitter-Fetch-Data/src/main/scala-2.12</source>
        <source>C:/Users/ANMOL/IdeaProjects/Twitter-Fetch-Data/src/main/scala</source>
        <source>C:/Users/ANMOL/IdeaProjects/Twitter-Fetch-Data/src/main/java</source>
    </sources>
    <packages>
        <package name="edu.knoldus" line-rate="1.00" branch-rate="1.00" complexity="0">
            <classes>
                <class 
                name="edu.knoldus.TwitterFeedFetch" filename="edu/knoldus/TwitterFeedFetch.scala" line-rate="1.00" branch-rate="1.00" complexity="0">
                    <methods>
                        <method 
                        name="edu.knoldus/TwitterFeedFetch/averageLikes" signature="()V" line-rate="1.00" branch-rate="1.00" complexity="0">
                            <lines>
                                <line number="64" hits="1" branch="false"/>
                                <line number="68" hits="1" branch="false"/>
                                <line number="65" hits="1" branch="false"/>
                                <line number="67" hits="1" branch="false"/>
                                <line number="68" hits="1" branch="false"/>
                                <line number="63" hits="1" branch="false"/>
                                <line number="65" hits="1" branch="false"/>
                                <line number="62" hits="1" branch="false"/>
                                <line number="67" hits="1" branch="false"/>
                                <line number="66" hits="1" branch="false"/>
                                <line number="68" hits="1" branch="false"/>
                                <line number="65" hits="1" branch="false"/>
                                <line number="69" hits="1" branch="false"/>
                            </lines>
</method>
                        <method 
                        name="edu.knoldus/TwitterFeedFetch/fetchTweets" signature="()V" line-rate="1.00" branch-rate="1.00" complexity="0">
                            <lines>
                                <line number="51" hits="1" branch="false"/>
                                <line number="54" hits="1" branch="false"/>
                                <line number="50" hits="1" branch="false"/>
                                <line number="49" hits="1" branch="false"/>
                                <line number="51" hits="1" branch="false"/>
                                <line number="54" hits="1" branch="false"/>
                                <line number="53" hits="1" branch="false"/>
                                <line number="48" hits="1" branch="false"/>
                                <line number="51" hits="1" branch="false"/>
                            </lines>
</method>
                        <method 
                        name="edu.knoldus/TwitterFeedFetch/&lt;none&gt;" signature="()V" line-rate="1.00" branch-rate="1.00" complexity="0">
                            <lines>
                                <line number="25" hits="1" branch="false"/>
                                <line number="28" hits="1" branch="false"/>
                                <line number="18" hits="1" branch="false"/>
                                <line number="21" hits="1" branch="false"/>
                                <line number="20" hits="1" branch="false"/>
                                <line number="24" hits="1" branch="false"/>
                                <line number="27" hits="1" branch="false"/>
                                <line number="17" hits="1" branch="false"/>
                                <line number="26" hits="1" branch="false"/>
                                <line number="19" hits="1" branch="false"/>
                                <line number="28" hits="1" branch="false"/>
                                <line number="23" hits="1" branch="false"/>
                            </lines>
</method>
                        <method 
                        name="edu.knoldus/TwitterFeedFetch/averageRetweets" signature="()V" line-rate="1.00" branch-rate="1.00" complexity="0">
                            <lines>
                                <line number="81" hits="1" branch="false"/>
                                <line number="77" hits="1" branch="false"/>
                                <line number="82" hits="1" branch="false"/>
                                <line number="79" hits="1" branch="false"/>
                                <line number="76" hits="1" branch="false"/>
                                <line number="83" hits="1" branch="false"/>
                                <line number="80" hits="1" branch="false"/>
                                <line number="82" hits="1" branch="false"/>
                                <line number="79" hits="1" branch="false"/>
                                <line number="82" hits="1" branch="false"/>
                                <line number="78" hits="1" branch="false"/>
                                <line number="79" hits="1" branch="false"/>
                                <line number="81" hits="1" branch="false"/>
                            </lines>
</method>
                    </methods>
                    <lines>
                        <line number="64" hits="1" branch="false"/>
                        <line number="68" hits="1" branch="false"/>
                        <line number="81" hits="1" branch="false"/>
                        <line number="51" hits="1" branch="false"/>
                        <line number="25" hits="1" branch="false"/>
                        <line number="77" hits="1" branch="false"/>
                        <line number="82" hits="1" branch="false"/>
                        <line number="65" hits="1" branch="false"/>
                        <line number="28" hits="1" branch="false"/>
                        <line number="67" hits="1" branch="false"/>
                        <line number="79" hits="1" branch="false"/>
                        <line number="76" hits="1" branch="false"/>
                        <line number="18" hits="1" branch="false"/>
                        <line number="54" hits="1" branch="false"/>
                        <line number="21" hits="1" branch="false"/>
                        <line number="50" hits="1" branch="false"/>
                        <line number="83" hits="1" branch="false"/>
                        <line number="80" hits="1" branch="false"/>
                        <line number="49" hits="1" branch="false"/>
                        <line number="20" hits="1" branch="false"/>
                        <line number="68" hits="1" branch="false"/>
                        <line number="63" hits="1" branch="false"/>
                        <line number="24" hits="1" branch="false"/>
                        <line number="51" hits="1" branch="false"/>
                        <line number="82" hits="1" branch="false"/>
                        <line number="65" hits="1" branch="false"/>
                        <line number="62" hits="1" branch="false"/>
                        <line number="27" hits="1" branch="false"/>
                        <line number="79" hits="1" branch="false"/>
                        <line number="17" hits="1" branch="false"/>
                        <line number="54" hits="1" branch="false"/>
                        <line number="67" hits="1" branch="false"/>
                        <line number="82" hits="1" branch="false"/>
                        <line number="53" hits="1" branch="false"/>
                        <line number="26" hits="1" branch="false"/>
                        <line number="66" hits="1" branch="false"/>
                        <line number="78" hits="1" branch="false"/>
                        <line number="48" hits="1" branch="false"/>
                        <line number="19" hits="1" branch="false"/>
                        <line number="28" hits="1" branch="false"/>
                        <line number="68" hits="1" branch="false"/>
                        <line number="79" hits="1" branch="false"/>
                        <line number="51" hits="1" branch="false"/>
                        <line number="81" hits="1" branch="false"/>
                        <line number="65" hits="1" branch="false"/>
                        <line number="23" hits="1" branch="false"/>
                        <line number="69" hits="1" branch="false"/>
                    </lines>
</class>
            </classes>
        </package>
    </packages>
</coverage>
